../races/Human.race
../races/Elf.race
../races/Dwarf.race
../races/Halfling.race
../races/Pixie.race
../races/Vampire.race
../races/Half-ogre.race
../races/Half-orc.race
../races/Half-troll.race
../races/Half-elf.race
../races/Gith.race
../races/Werewolf.race
../races/Draconian.race
../races/Satyr.race
../races/Wraith.race
../races/Centaur.race
../races/Drider.race
../races/Drow.race
../races/Minotaur.race
../races/Cyclops.race
../races/Arewyndel.race
../races/Brownie.race
../races/Leprachaun.race
../races/Mrrshan.race
$
